# JRE version: OpenJDK Runtime Environment (7.0_95) (build 1.7.0_95-b00)
# Java VM: OpenJDK Client VM (24.95-b01 mixed mode, sharing linux-x86 )
Heap
 def new generation   total 12416K, used 2210K [0x6a800000, 0x6b570000, 0x72800000)
  eden space 11072K,   7% used [0x6a800000, 0x6a8d8b30, 0x6b2d0000)
  from space 1344K, 100% used [0x6b420000, 0x6b570000, 0x6b570000)
  to   space 1344K,   0% used [0x6b2d0000, 0x6b2d0000, 0x6b420000)
 tenured generation   total 27328K, used 13687K [0x72800000, 0x742b0000, 0x82800000)
   the space 27328K,  50% used [0x72800000, 0x7355dc70, 0x7355de00, 0x742b0000)
 compacting perm gen  total 18944K, used 18792K [0x82800000, 0x83a80000, 0x92800000)
   the space 18944K,  99% used [0x82800000, 0x83a5a3b8, 0x83a5a400, 0x83a80000)
    ro space 10240K,  58% used [0x92800000, 0x92de45f8, 0x92de4600, 0x93200000)
    rw space 12288K,  59% used [0x93200000, 0x9391cb30, 0x9391cc00, 0x93e00000)
GC Heap History (10 events):
Event: 8.555 GC heap before
{Heap before GC invocations=10 (full 0):
 def new generation   total 12288K, used 12288K [0x6a800000, 0x6b550000, 0x72800000)
  eden space 10944K, 100% used [0x6a800000, 0x6b2b0000, 0x6b2b0000)
  from space 1344K, 100% used [0x6b2b0000, 0x6b400000, 0x6b400000)
  to   space 1344K,   0% used [0x6b400000, 0x6b400000, 0x6b550000)
 tenured generation   total 27328K, used 13623K [0x72800000, 0x742b0000, 0x82800000)
   the space 27328K,  49% used [0x72800000, 0x7354de98, 0x7354e000, 0x742b0000)
 compacting perm gen  total 12288K, used 10629K [0x82800000, 0x83400000, 0x92800000)
   the space 12288K,  86% used [0x82800000, 0x83261710, 0x83261800, 0x83400000)
    ro space 10240K,  58% used [0x92800000, 0x92de45f8, 0x92de4600, 0x93200000)
    rw space 12288K,  59% used [0x93200000, 0x9391cb30, 0x9391cc00, 0x93e00000)
Event: 8.583 GC heap after
Heap after GC invocations=11 (full 0):
 def new generation   total 12288K, used 1344K [0x6a800000, 0x6b550000, 0x72800000)
  eden space 10944K,   0% used [0x6a800000, 0x6a800000, 0x6b2b0000)
  from space 1344K, 100% used [0x6b400000, 0x6b550000, 0x6b550000)
  to   space 1344K,   0% used [0x6b2b0000, 0x6b2b0000, 0x6b400000)
 tenured generation   total 27328K, used 16564K [0x72800000, 0x742b0000, 0x82800000)
   the space 27328K,  60% used [0x72800000, 0x7382d080, 0x7382d200, 0x742b0000)
 compacting perm gen  total 12288K, used 10629K [0x82800000, 0x83400000, 0x92800000)
   the space 12288K,  86% used [0x82800000, 0x83261710, 0x83261800, 0x83400000)
    ro space 10240K,  58% used [0x92800000, 0x92de45f8, 0x92de4600, 0x93200000)
    rw space 12288K,  59% used [0x93200000, 0x9391cb30, 0x9391cc00, 0x93e00000)
}
Event: 9.437 GC heap before
{Heap before GC invocations=11 (full 0):
 def new generation   total 12288K, used 12288K [0x6a800000, 0x6b550000, 0x72800000)
  eden space 10944K, 100% used [0x6a800000, 0x6b2b0000, 0x6b2b0000)
  from space 1344K, 100% used [0x6b400000, 0x6b550000, 0x6b550000)
  to   space 1344K,   0% used [0x6b2b0000, 0x6b2b0000, 0x6b400000)
 tenured generation   total 27328K, used 16564K [0x72800000, 0x742b0000, 0x82800000)
   the space 27328K,  60% used [0x72800000, 0x7382d080, 0x7382d200, 0x742b0000)
 compacting perm gen  total 13056K, used 12810K [0x82800000, 0x834c0000, 0x92800000)
   the space 13056K,  98% used [0x82800000, 0x83482948, 0x83482a00, 0x834c0000)
    ro space 10240K,  58% used [0x92800000, 0x92de45f8, 0x92de4600, 0x93200000)
    rw space 12288K,  59% used [0x93200000, 0x9391cb30, 0x9391cc00, 0x93e00000)
Event: 9.456 GC heap after
Heap after GC invocations=12 (full 0):
 def new generation   total 12288K, used 1344K [0x6a800000, 0x6b550000, 0x72800000)
  eden space 10944K,   0% used [0x6a800000, 0x6a800000, 0x6b2b0000)
  from space 1344K, 100% used [0x6b2b0000, 0x6b400000, 0x6b400000)
  to   space 1344K,   0% used [0x6b400000, 0x6b400000, 0x6b550000)
 tenured generation   total 27328K, used 20023K [0x72800000, 0x742b0000, 0x82800000)
   the space 27328K,  73% used [0x72800000, 0x73b8dc18, 0x73b8de00, 0x742b0000)
 compacting perm gen  total 13056K, used 12810K [0x82800000, 0x834c0000, 0x92800000)
   the space 13056K,  98% used [0x82800000, 0x83482948, 0x83482a00, 0x834c0000)
    ro space 10240K,  58% used [0x92800000, 0x92de45f8, 0x92de4600, 0x93200000)
    rw space 12288K,  59% used [0x93200000, 0x9391cb30, 0x9391cc00, 0x93e00000)
}
Event: 10.282 GC heap before
{Heap before GC invocations=12 (full 0):
 def new generation   total 12288K, used 12285K [0x6a800000, 0x6b550000, 0x72800000)
  eden space 10944K,  99% used [0x6a800000, 0x6b2af518, 0x6b2b0000)
  from space 1344K, 100% used [0x6b2b0000, 0x6b400000, 0x6b400000)
  to   space 1344K,   0% used [0x6b400000, 0x6b400000, 0x6b550000)
 tenured generation   total 27328K, used 20023K [0x72800000, 0x742b0000, 0x82800000)
   the space 27328K,  73% used [0x72800000, 0x73b8dc18, 0x73b8de00, 0x742b0000)
 compacting perm gen  total 15872K, used 15686K [0x82800000, 0x83780000, 0x92800000)
   the space 15872K,  98% used [0x82800000, 0x83751a98, 0x83751c00, 0x83780000)
    ro space 10240K,  58% used [0x92800000, 0x92de45f8, 0x92de4600, 0x93200000)
    rw space 12288K,  59% used [0x93200000, 0x9391cb30, 0x9391cc00, 0x93e00000)
Event: 10.302 GC heap after
Heap after GC invocations=13 (full 0):
 def new generation   total 12288K, used 1344K [0x6a800000, 0x6b550000, 0x72800000)
  eden space 10944K,   0% used [0x6a800000, 0x6a800000, 0x6b2b0000)
  from space 1344K, 100% used [0x6b400000, 0x6b550000, 0x6b550000)
  to   space 1344K,   0% used [0x6b2b0000, 0x6b2b0000, 0x6b400000)
 tenured generation   total 27328K, used 23745K [0x72800000, 0x742b0000, 0x82800000)
   the space 27328K,  86% used [0x72800000, 0x73f304a0, 0x73f30600, 0x742b0000)
 compacting perm gen  total 15872K, used 15686K [0x82800000, 0x83780000, 0x92800000)
   the space 15872K,  98% used [0x82800000, 0x83751a98, 0x83751c00, 0x83780000)
    ro space 10240K,  58% used [0x92800000, 0x92de45f8, 0x92de4600, 0x93200000)
    rw space 12288K,  59% used [0x93200000, 0x9391cb30, 0x9391cc00, 0x93e00000)
}
Event: 10.491 GC heap before
{Heap before GC invocations=13 (full 0):
 def new generation   total 12288K, used 4641K [0x6a800000, 0x6b550000, 0x72800000)
  eden space 10944K,  30% used [0x6a800000, 0x6ab38470, 0x6b2b0000)
  from space 1344K, 100% used [0x6b400000, 0x6b550000, 0x6b550000)
  to   space 1344K,   0% used [0x6b2b0000, 0x6b2b0000, 0x6b400000)
 tenured generation   total 27328K, used 23745K [0x72800000, 0x742b0000, 0x82800000)
   the space 27328K,  86% used [0x72800000, 0x73f304a0, 0x73f30600, 0x742b0000)
 compacting perm gen  total 16384K, used 16383K [0x82800000, 0x83800000, 0x92800000)
   the space 16384K,  99% used [0x82800000, 0x837fffe0, 0x83800000, 0x83800000)
    ro space 10240K,  58% used [0x92800000, 0x92de45f8, 0x92de4600, 0x93200000)
    rw space 12288K,  59% used [0x93200000, 0x9391cb30, 0x9391cc00, 0x93e00000)
Event: 10.654 GC heap after
Heap after GC invocations=14 (full 1):
 def new generation   total 12416K, used 0K [0x6a800000, 0x6b570000, 0x72800000)
  eden space 11072K,   0% used [0x6a800000, 0x6a800000, 0x6b2d0000)
  from space 1344K,   0% used [0x6b2d0000, 0x6b2d0000, 0x6b420000)
  to   space 1344K,   0% used [0x6b420000, 0x6b420000, 0x6b570000)
 tenured generation   total 27328K, used 11468K [0x72800000, 0x742b0000, 0x82800000)
   the space 27328K,  41% used [0x72800000, 0x73333338, 0x73333400, 0x742b0000)
 compacting perm gen  total 16384K, used 16383K [0x82800000, 0x83800000, 0x92800000)
   the space 16384K,  99% used [0x82800000, 0x837fffe0, 0x83800000, 0x83800000)
    ro space 10240K,  58% used [0x92800000, 0x92de45f8, 0x92de4600, 0x93200000)
    rw space 12288K,  59% used [0x93200000, 0x9391cb30, 0x9391cc00, 0x93e00000)
}
Event: 16.293 GC heap before
{Heap before GC invocations=14 (full 1):
 def new generation   total 12416K, used 11072K [0x6a800000, 0x6b570000, 0x72800000)
  eden space 11072K, 100% used [0x6a800000, 0x6b2d0000, 0x6b2d0000)
  from space 1344K,   0% used [0x6b2d0000, 0x6b2d0000, 0x6b420000)
  to   space 1344K,   0% used [0x6b420000, 0x6b420000, 0x6b570000)
 tenured generation   total 27328K, used 11468K [0x72800000, 0x742b0000, 0x82800000)
   the space 27328K,  41% used [0x72800000, 0x73333338, 0x73333400, 0x742b0000)
 compacting perm gen  total 18688K, used 18629K [0x82800000, 0x83a40000, 0x92800000)
   the space 18688K,  99% used [0x82800000, 0x83a31480, 0x83a31600, 0x83a40000)
    ro space 10240K,  58% used [0x92800000, 0x92de45f8, 0x92de4600, 0x93200000)
    rw space 12288K,  59% used [0x93200000, 0x9391cb30, 0x9391cc00, 0x93e00000)
Event: 16.307 GC heap after
Heap after GC invocations=15 (full 1):
 def new generation   total 12416K, used 1344K [0x6a800000, 0x6b570000, 0x72800000)
  eden space 11072K,   0% used [0x6a800000, 0x6a800000, 0x6b2d0000)
  from space 1344K, 100% used [0x6b420000, 0x6b570000, 0x6b570000)
  to   space 1344K,   0% used [0x6b2d0000, 0x6b2d0000, 0x6b420000)
 tenured generation   total 27328K, used 13687K [0x72800000, 0x742b0000, 0x82800000)
   the space 27328K,  50% used [0x72800000, 0x7355dc70, 0x7355de00, 0x742b0000)
 compacting perm gen  total 18688K, used 18629K [0x82800000, 0x83a40000, 0x92800000)
   the space 18688K,  99% used [0x82800000, 0x83a31480, 0x83a31600, 0x83a40000)
    ro space 10240K,  58% used [0x92800000, 0x92de45f8, 0x92de4600, 0x93200000)
    rw space 12288K,  59% used [0x93200000, 0x9391cb30, 0x9391cc00, 0x93e00000)
}

