# JRE version: OpenJDK Runtime Environment (7.0_95) (build 1.7.0_95-b00)
# Java VM: OpenJDK Client VM (24.95-b01 mixed mode, sharing linux-x86 )
Heap
 def new generation   total 12352K, used 1542K [0x6a800000, 0x6b560000, 0x72800000)
  eden space 11008K,   1% used [0x6a800000, 0x6a8318c0, 0x6b2c0000)
  from space 1344K, 100% used [0x6b2c0000, 0x6b410000, 0x6b410000)
  to   space 1344K,   0% used [0x6b410000, 0x6b410000, 0x6b560000)
 tenured generation   total 27328K, used 10000K [0x72800000, 0x742b0000, 0x82800000)
   the space 27328K,  36% used [0x72800000, 0x731c42d8, 0x731c4400, 0x742b0000)
 compacting perm gen  total 20480K, used 20471K [0x82800000, 0x83c00000, 0x92800000)
   the space 20480K,  99% used [0x82800000, 0x83bfdfe8, 0x83bfe000, 0x83c00000)
    ro space 10240K,  58% used [0x92800000, 0x92de45f8, 0x92de4600, 0x93200000)
    rw space 12288K,  59% used [0x93200000, 0x9391cb30, 0x9391cc00, 0x93e00000)
GC Heap History (10 events):
Event: 5.724 GC heap before
{Heap before GC invocations=7 (full 0):
 def new generation   total 12288K, used 3098K [0x6a800000, 0x6b550000, 0x72800000)
  eden space 10944K,  16% used [0x6a800000, 0x6a9b6ac0, 0x6b2b0000)
  from space 1344K, 100% used [0x6b400000, 0x6b550000, 0x6b550000)
  to   space 1344K,   0% used [0x6b2b0000, 0x6b2b0000, 0x6b400000)
 tenured generation   total 27328K, used 21638K [0x72800000, 0x742b0000, 0x82800000)
   the space 27328K,  79% used [0x72800000, 0x73d21ab8, 0x73d21c00, 0x742b0000)
 compacting perm gen  total 16384K, used 16383K [0x82800000, 0x83800000, 0x92800000)
   the space 16384K,  99% used [0x82800000, 0x837fffe0, 0x83800000, 0x83800000)
    ro space 10240K,  58% used [0x92800000, 0x92de45f8, 0x92de4600, 0x93200000)
    rw space 12288K,  59% used [0x93200000, 0x9391cb30, 0x9391cc00, 0x93e00000)
Event: 5.833 GC heap after
Heap after GC invocations=8 (full 1):
 def new generation   total 12352K, used 0K [0x6a800000, 0x6b560000, 0x72800000)
  eden space 11008K,   0% used [0x6a800000, 0x6a800000, 0x6b2c0000)
  from space 1344K,   0% used [0x6b2c0000, 0x6b2c0000, 0x6b410000)
  to   space 1344K,   0% used [0x6b410000, 0x6b410000, 0x6b560000)
 tenured generation   total 27328K, used 13454K [0x72800000, 0x742b0000, 0x82800000)
   the space 27328K,  49% used [0x72800000, 0x73523878, 0x73523a00, 0x742b0000)
 compacting perm gen  total 16384K, used 16383K [0x82800000, 0x83800000, 0x92800000)
   the space 16384K,  99% used [0x82800000, 0x837fffe0, 0x83800000, 0x83800000)
    ro space 10240K,  58% used [0x92800000, 0x92de45f8, 0x92de4600, 0x93200000)
    rw space 12288K,  59% used [0x93200000, 0x9391cb30, 0x9391cc00, 0x93e00000)
}
Event: 53.962 GC heap before
{Heap before GC invocations=8 (full 1):
 def new generation   total 12352K, used 11008K [0x6a800000, 0x6b560000, 0x72800000)
  eden space 11008K, 100% used [0x6a800000, 0x6b2c0000, 0x6b2c0000)
  from space 1344K,   0% used [0x6b2c0000, 0x6b2c0000, 0x6b410000)
  to   space 1344K,   0% used [0x6b410000, 0x6b410000, 0x6b560000)
 tenured generation   total 27328K, used 13454K [0x72800000, 0x742b0000, 0x82800000)
   the space 27328K,  49% used [0x72800000, 0x73523878, 0x73523a00, 0x742b0000)
 compacting perm gen  total 18176K, used 17985K [0x82800000, 0x839c0000, 0x92800000)
   the space 18176K,  98% used [0x82800000, 0x839906d0, 0x83990800, 0x839c0000)
    ro space 10240K,  58% used [0x92800000, 0x92de45f8, 0x92de4600, 0x93200000)
    rw space 12288K,  59% used [0x93200000, 0x9391cb30, 0x9391cc00, 0x93e00000)
Event: 53.975 GC heap after
Heap after GC invocations=9 (full 1):
 def new generation   total 12352K, used 1344K [0x6a800000, 0x6b560000, 0x72800000)
  eden space 11008K,   0% used [0x6a800000, 0x6a800000, 0x6b2c0000)
  from space 1344K, 100% used [0x6b410000, 0x6b560000, 0x6b560000)
  to   space 1344K,   0% used [0x6b2c0000, 0x6b2c0000, 0x6b410000)
 tenured generation   total 27328K, used 14802K [0x72800000, 0x742b0000, 0x82800000)
   the space 27328K,  54% used [0x72800000, 0x73674a48, 0x73674c00, 0x742b0000)
 compacting perm gen  total 18176K, used 17985K [0x82800000, 0x839c0000, 0x92800000)
   the space 18176K,  98% used [0x82800000, 0x839906d0, 0x83990800, 0x839c0000)
    ro space 10240K,  58% used [0x92800000, 0x92de45f8, 0x92de4600, 0x93200000)
    rw space 12288K,  59% used [0x93200000, 0x9391cb30, 0x9391cc00, 0x93e00000)
}
Event: 63.490 GC heap before
{Heap before GC invocations=9 (full 1):
 def new generation   total 12352K, used 3029K [0x6a800000, 0x6b560000, 0x72800000)
  eden space 11008K,  15% used [0x6a800000, 0x6a9a54b8, 0x6b2c0000)
  from space 1344K, 100% used [0x6b410000, 0x6b560000, 0x6b560000)
  to   space 1344K,   0% used [0x6b2c0000, 0x6b2c0000, 0x6b410000)
 tenured generation   total 27328K, used 14802K [0x72800000, 0x742b0000, 0x82800000)
   the space 27328K,  54% used [0x72800000, 0x73674a48, 0x73674c00, 0x742b0000)
 compacting perm gen  total 18432K, used 18183K [0x82800000, 0x83a00000, 0x92800000)
   the space 18432K,  98% used [0x82800000, 0x839c1f70, 0x839c2000, 0x83a00000)
    ro space 10240K,  58% used [0x92800000, 0x92de45f8, 0x92de4600, 0x93200000)
    rw space 12288K,  59% used [0x93200000, 0x9391cb30, 0x9391cc00, 0x93e00000)
Event: 63.600 GC heap after
Heap after GC invocations=10 (full 2):
 def new generation   total 12352K, used 0K [0x6a800000, 0x6b560000, 0x72800000)
  eden space 11008K,   0% used [0x6a800000, 0x6a800000, 0x6b2c0000)
  from space 1344K,   0% used [0x6b410000, 0x6b410000, 0x6b560000)
  to   space 1344K,   0% used [0x6b2c0000, 0x6b2c0000, 0x6b410000)
 tenured generation   total 27328K, used 8005K [0x72800000, 0x742b0000, 0x82800000)
   the space 27328K,  29% used [0x72800000, 0x72fd1640, 0x72fd1800, 0x742b0000)
 compacting perm gen  total 18432K, used 18183K [0x82800000, 0x83a00000, 0x92800000)
   the space 18432K,  98% used [0x82800000, 0x839c1f70, 0x839c2000, 0x83a00000)
    ro space 10240K,  58% used [0x92800000, 0x92de45f8, 0x92de4600, 0x93200000)
    rw space 12288K,  59% used [0x93200000, 0x9391cb30, 0x9391cc00, 0x93e00000)
}
Event: 123.490 GC heap before
{Heap before GC invocations=10 (full 2):
 def new generation   total 12352K, used 4294K [0x6a800000, 0x6b560000, 0x72800000)
  eden space 11008K,  39% used [0x6a800000, 0x6ac31968, 0x6b2c0000)
  from space 1344K,   0% used [0x6b410000, 0x6b410000, 0x6b560000)
  to   space 1344K,   0% used [0x6b2c0000, 0x6b2c0000, 0x6b410000)
 tenured generation   total 27328K, used 8005K [0x72800000, 0x742b0000, 0x82800000)
   the space 27328K,  29% used [0x72800000, 0x72fd1640, 0x72fd1800, 0x742b0000)
 compacting perm gen  total 18432K, used 18219K [0x82800000, 0x83a00000, 0x92800000)
   the space 18432K,  98% used [0x82800000, 0x839cae38, 0x839cb000, 0x83a00000)
    ro space 10240K,  58% used [0x92800000, 0x92de45f8, 0x92de4600, 0x93200000)
    rw space 12288K,  59% used [0x93200000, 0x9391cb30, 0x9391cc00, 0x93e00000)
Event: 123.587 GC heap after
Heap after GC invocations=11 (full 3):
 def new generation   total 12352K, used 0K [0x6a800000, 0x6b560000, 0x72800000)
  eden space 11008K,   0% used [0x6a800000, 0x6a800000, 0x6b2c0000)
  from space 1344K,   0% used [0x6b410000, 0x6b410000, 0x6b560000)
  to   space 1344K,   0% used [0x6b2c0000, 0x6b2c0000, 0x6b410000)
 tenured generation   total 27328K, used 7713K [0x72800000, 0x742b0000, 0x82800000)
   the space 27328K,  28% used [0x72800000, 0x72f88628, 0x72f88800, 0x742b0000)
 compacting perm gen  total 18432K, used 18219K [0x82800000, 0x83a00000, 0x92800000)
   the space 18432K,  98% used [0x82800000, 0x839cae38, 0x839cb000, 0x83a00000)
    ro space 10240K,  58% used [0x92800000, 0x92de45f8, 0x92de4600, 0x93200000)
    rw space 12288K,  59% used [0x93200000, 0x9391cb30, 0x9391cc00, 0x93e00000)
}
Event: 139.818 GC heap before
{Heap before GC invocations=11 (full 3):
 def new generation   total 12352K, used 11008K [0x6a800000, 0x6b560000, 0x72800000)
  eden space 11008K, 100% used [0x6a800000, 0x6b2c0000, 0x6b2c0000)
  from space 1344K,   0% used [0x6b410000, 0x6b410000, 0x6b560000)
  to   space 1344K,   0% used [0x6b2c0000, 0x6b2c0000, 0x6b410000)
 tenured generation   total 27328K, used 7713K [0x72800000, 0x742b0000, 0x82800000)
   the space 27328K,  28% used [0x72800000, 0x72f88628, 0x72f88800, 0x742b0000)
 compacting perm gen  total 20480K, used 20449K [0x82800000, 0x83c00000, 0x92800000)
   the space 20480K,  99% used [0x82800000, 0x83bf8600, 0x83bf8600, 0x83c00000)
    ro space 10240K,  58% used [0x92800000, 0x92de45f8, 0x92de4600, 0x93200000)
    rw space 12288K,  59% used [0x93200000, 0x9391cb30, 0x9391cc00, 0x93e00000)
Event: 139.830 GC heap after
Heap after GC invocations=12 (full 3):
 def new generation   total 12352K, used 1344K [0x6a800000, 0x6b560000, 0x72800000)
  eden space 11008K,   0% used [0x6a800000, 0x6a800000, 0x6b2c0000)
  from space 1344K, 100% used [0x6b2c0000, 0x6b410000, 0x6b410000)
  to   space 1344K,   0% used [0x6b410000, 0x6b410000, 0x6b560000)
 tenured generation   total 27328K, used 10000K [0x72800000, 0x742b0000, 0x82800000)
   the space 27328K,  36% used [0x72800000, 0x731c42d8, 0x731c4400, 0x742b0000)
 compacting perm gen  total 20480K, used 20449K [0x82800000, 0x83c00000, 0x92800000)
   the space 20480K,  99% used [0x82800000, 0x83bf8600, 0x83bf8600, 0x83c00000)
    ro space 10240K,  58% used [0x92800000, 0x92de45f8, 0x92de4600, 0x93200000)
    rw space 12288K,  59% used [0x93200000, 0x9391cb30, 0x9391cc00, 0x93e00000)
}

